2025/10/30 22:02:38 [emerg] 9#9: "events" directive is not allowed here in /etc/nginx/conf.d/default.conf:4
2025/10/30 22:44:31 [emerg] 9#9: "events" directive is not allowed here in /etc/nginx/conf.d/default.conf:4
2025/10/30 22:50:22 [emerg] 9#9: "events" directive is not allowed here in /etc/nginx/conf.d/default.conf:4
2025/10/30 22:50:31 [emerg] 9#9: "events" directive is not allowed here in /etc/nginx/conf.d/default.conf:4
2025/10/30 22:52:02 [emerg] 10#10: "events" directive is not allowed here in /etc/nginx/conf.d/default.conf:4
2025/10/31 07:08:59 [emerg] 9#9: "events" directive is not allowed here in /etc/nginx/conf.d/default.conf:4
2025/10/31 07:12:54 [emerg] 9#9: "events" directive is not allowed here in /etc/nginx/conf.d/default.conf:4
2025/10/31 07:21:06 [emerg] 9#9: "events" directive is not allowed here in /etc/nginx/conf.d/default.conf:4
2025/10/31 07:25:12 [emerg] 9#9: "events" directive is not allowed here in /etc/nginx/conf.d/default.conf:4
2025/10/31 07:33:53 [notice] 10#10: using the "epoll" event method
2025/10/31 07:33:53 [notice] 10#10: nginx/1.29.2
2025/10/31 07:33:53 [notice] 10#10: built by gcc 14.2.0 (Debian 14.2.0-19) 
2025/10/31 07:33:53 [notice] 10#10: OS: Linux 6.6.87.2-microsoft-standard-WSL2
2025/10/31 07:33:53 [notice] 10#10: getrlimit(RLIMIT_NOFILE): 1048576:1048576
2025/10/31 07:33:53 [notice] 10#10: start worker processes
2025/10/31 07:33:53 [notice] 10#10: start worker process 11
2025/10/31 07:33:53 [notice] 10#10: start worker process 12
2025/10/31 07:33:53 [notice] 10#10: start worker process 13
2025/10/31 07:33:53 [notice] 10#10: start worker process 14
2025/10/31 07:34:41 [info] 13#13: *1 client 172.19.0.1 closed keepalive connection
2025/10/31 07:34:41 [info] 11#11: *3 client closed connection while waiting for request, client: 172.19.0.1, server: 0.0.0.0:80
2025/10/31 07:35:08 [info] 12#12: *5 client 172.19.0.1 closed keepalive connection
2025/10/31 07:35:35 [info] 14#14: *7 client 172.19.0.1 closed keepalive connection
2025/10/31 07:41:12 [notice] 11#11: using the "epoll" event method
2025/10/31 07:41:12 [notice] 11#11: nginx/1.29.2
2025/10/31 07:41:12 [notice] 11#11: built by gcc 14.2.0 (Debian 14.2.0-19) 
2025/10/31 07:41:12 [notice] 11#11: OS: Linux 6.6.87.2-microsoft-standard-WSL2
2025/10/31 07:41:12 [notice] 11#11: getrlimit(RLIMIT_NOFILE): 1048576:1048576
2025/10/31 07:41:12 [notice] 11#11: start worker processes
2025/10/31 07:41:12 [notice] 11#11: start worker process 12
2025/10/31 07:41:12 [notice] 11#11: start worker process 13
2025/10/31 07:41:12 [notice] 11#11: start worker process 14
2025/10/31 07:41:12 [notice] 11#11: start worker process 15
2025/10/31 07:41:20 [info] 13#13: *1 client 172.19.0.1 closed keepalive connection
2025/10/31 07:52:14 [notice] 24#24: signal process started
2025/10/31 07:52:14 [notice] 11#11: signal 1 (SIGHUP) received from 24, reconfiguring
2025/10/31 07:52:14 [notice] 11#11: reconfiguring
2025/10/31 07:52:14 [notice] 11#11: using the "epoll" event method
2025/10/31 07:52:14 [notice] 11#11: start worker processes
2025/10/31 07:52:14 [notice] 11#11: start worker process 25
2025/10/31 07:52:14 [notice] 11#11: start worker process 26
2025/10/31 07:52:14 [notice] 11#11: start worker process 27
2025/10/31 07:52:14 [notice] 11#11: start worker process 28
2025/10/31 07:52:14 [notice] 12#12: gracefully shutting down
2025/10/31 07:52:14 [notice] 13#13: gracefully shutting down
2025/10/31 07:52:14 [notice] 12#12: exiting
2025/10/31 07:52:14 [notice] 15#15: gracefully shutting down
2025/10/31 07:52:14 [notice] 13#13: exiting
2025/10/31 07:52:14 [notice] 15#15: exiting
2025/10/31 07:52:14 [notice] 13#13: exit
2025/10/31 07:52:14 [notice] 12#12: exit
2025/10/31 07:52:14 [notice] 15#15: exit
2025/10/31 07:52:14 [notice] 14#14: gracefully shutting down
2025/10/31 07:52:14 [notice] 14#14: exiting
2025/10/31 07:52:14 [notice] 14#14: exit
2025/10/31 07:52:14 [notice] 11#11: signal 17 (SIGCHLD) received from 12
2025/10/31 07:52:14 [notice] 11#11: worker process 12 exited with code 0
2025/10/31 07:52:14 [notice] 11#11: worker process 15 exited with code 0
2025/10/31 07:52:14 [notice] 11#11: signal 29 (SIGIO) received
2025/10/31 07:52:14 [notice] 11#11: signal 17 (SIGCHLD) received from 14
2025/10/31 07:52:14 [notice] 11#11: worker process 14 exited with code 0
2025/10/31 07:52:14 [notice] 11#11: worker process 13 exited with code 0
2025/10/31 07:52:14 [notice] 11#11: signal 29 (SIGIO) received
2025/10/31 07:52:14 [notice] 11#11: signal 17 (SIGCHLD) received from 13
2025/10/31 07:52:30 [info] 25#25: *3 client 172.19.0.1 closed keepalive connection
2025/10/31 07:58:59 [notice] 37#37: signal process started
2025/10/31 07:58:59 [notice] 11#11: signal 1 (SIGHUP) received from 37, reconfiguring
2025/10/31 07:58:59 [notice] 11#11: reconfiguring
2025/10/31 07:58:59 [notice] 11#11: using the "epoll" event method
2025/10/31 07:58:59 [notice] 11#11: start worker processes
2025/10/31 07:58:59 [notice] 11#11: start worker process 38
2025/10/31 07:58:59 [notice] 11#11: start worker process 39
2025/10/31 07:58:59 [notice] 11#11: start worker process 40
2025/10/31 07:58:59 [notice] 11#11: start worker process 41
2025/10/31 07:58:59 [notice] 25#25: gracefully shutting down
2025/10/31 07:58:59 [notice] 26#26: gracefully shutting down
2025/10/31 07:58:59 [notice] 28#28: gracefully shutting down
2025/10/31 07:58:59 [notice] 27#27: gracefully shutting down
2025/10/31 07:58:59 [notice] 25#25: exiting
2025/10/31 07:58:59 [notice] 26#26: exiting
2025/10/31 07:58:59 [notice] 28#28: exiting
2025/10/31 07:58:59 [notice] 27#27: exiting
2025/10/31 07:58:59 [notice] 25#25: exit
2025/10/31 07:58:59 [notice] 26#26: exit
2025/10/31 07:58:59 [notice] 27#27: exit
2025/10/31 07:58:59 [notice] 28#28: exit
2025/10/31 07:58:59 [notice] 11#11: signal 17 (SIGCHLD) received from 26
2025/10/31 07:58:59 [notice] 11#11: worker process 26 exited with code 0
2025/10/31 07:58:59 [notice] 11#11: signal 29 (SIGIO) received
2025/10/31 07:58:59 [notice] 11#11: signal 17 (SIGCHLD) received from 27
2025/10/31 07:58:59 [notice] 11#11: worker process 27 exited with code 0
2025/10/31 07:58:59 [notice] 11#11: worker process 28 exited with code 0
2025/10/31 07:58:59 [notice] 11#11: signal 29 (SIGIO) received
2025/10/31 07:58:59 [notice] 11#11: signal 17 (SIGCHLD) received from 25
2025/10/31 07:58:59 [notice] 11#11: worker process 25 exited with code 0
2025/10/31 07:58:59 [notice] 11#11: signal 29 (SIGIO) received
2025/10/31 07:59:41 [info] 38#38: *5 client 172.19.0.1 closed keepalive connection
2025/10/31 08:02:53 [notice] 10#10: using the "epoll" event method
2025/10/31 08:02:53 [notice] 10#10: nginx/1.29.2
2025/10/31 08:02:53 [notice] 10#10: built by gcc 14.2.0 (Debian 14.2.0-19) 
2025/10/31 08:02:53 [notice] 10#10: OS: Linux 6.6.87.2-microsoft-standard-WSL2
2025/10/31 08:02:53 [notice] 10#10: getrlimit(RLIMIT_NOFILE): 1048576:1048576
2025/10/31 08:02:53 [notice] 10#10: start worker processes
2025/10/31 08:02:53 [notice] 10#10: start worker process 11
2025/10/31 08:02:53 [notice] 10#10: start worker process 12
2025/10/31 08:02:53 [notice] 10#10: start worker process 13
2025/10/31 08:02:53 [notice] 10#10: start worker process 14
2025/10/31 08:02:56 [info] 11#11: *1 client 172.19.0.1 closed keepalive connection
2025/10/31 08:05:59 [notice] 10#10: using the "epoll" event method
2025/10/31 08:05:59 [notice] 10#10: nginx/1.29.2
2025/10/31 08:05:59 [notice] 10#10: built by gcc 14.2.0 (Debian 14.2.0-19) 
2025/10/31 08:05:59 [notice] 10#10: OS: Linux 6.6.87.2-microsoft-standard-WSL2
2025/10/31 08:05:59 [notice] 10#10: getrlimit(RLIMIT_NOFILE): 1048576:1048576
2025/10/31 08:05:59 [notice] 10#10: start worker processes
2025/10/31 08:05:59 [notice] 10#10: start worker process 11
2025/10/31 08:05:59 [notice] 10#10: start worker process 12
2025/10/31 08:05:59 [notice] 10#10: start worker process 13
2025/10/31 08:05:59 [notice] 10#10: start worker process 14
2025/10/31 08:06:05 [info] 11#11: *1 client 172.19.0.1 closed keepalive connection
